<?xml version="1.0" encoding="UTF-8"?>
<testng-results skipped="0" failed="0" ignored="0" total="1" passed="1">
  <reporter-output>
  </reporter-output>
  <suite name="Default suite" duration-ms="5795" started-at="2022-04-20T17:25:30 IST" finished-at="2022-04-20T17:25:36 IST">
    <groups>
    </groups>
    <test name="Default test" duration-ms="5795" started-at="2022-04-20T17:25:30 IST" finished-at="2022-04-20T17:25:36 IST">
      <class name="testLibrary.TC01_Get_Request1">
        <test-method status="PASS" signature="getBooks()[pri:0, instance:testLibrary.TC01_Get_Request1@587d1d39]" name="getBooks" duration-ms="5736" started-at="2022-04-20T17:25:30 IST" finished-at="2022-04-20T17:25:36 IST">
          <reporter-output>
          </reporter-output>
        </test-method> <!-- getBooks -->
      </class> <!-- testLibrary.TC01_Get_Request1 -->
    </test> <!-- Default test -->
  </suite> <!-- Default suite -->
</testng-results>
